0 info it worked if it ends with ok
1 verbose cli [ '/usr/local/bin/node',
1 verbose cli   '/usr/local/bin/npm',
1 verbose cli   'run',
1 verbose cli   'watch:test' ]
2 info using npm@3.10.9
3 info using node@v6.9.2
4 verbose run-script [ 'prewatch:test', 'watch:test', 'postwatch:test' ]
5 info lifecycle angular-rpg@0.0.1~prewatch:test: angular-rpg@0.0.1
6 silly lifecycle angular-rpg@0.0.1~prewatch:test: no script for prewatch:test, continuing
7 info lifecycle angular-rpg@0.0.1~watch:test: angular-rpg@0.0.1
8 verbose lifecycle angular-rpg@0.0.1~watch:test: unsafe-perm in lifecycle true
9 verbose lifecycle angular-rpg@0.0.1~watch:test: PATH: /usr/local/lib/node_modules/npm/bin/node-gyp-bin:/Users/justindujardin/Source/angular-rpg/node_modules/.bin:/Users/justindujardin/.yarn/bin:/usr/local/bin:/usr/bin:/bin:/usr/sbin:/sbin
10 verbose lifecycle angular-rpg@0.0.1~watch:test: CWD: /Users/justindujardin/Source/angular-rpg
11 silly lifecycle angular-rpg@0.0.1~watch:test: Args: [ '-c', 'npm run test -- --auto-watch --no-single-run' ]
12 silly lifecycle angular-rpg@0.0.1~watch:test: Returned: code: 1  signal: null
13 info lifecycle angular-rpg@0.0.1~watch:test: Failed to exec watch:test script
14 verbose stack Error: angular-rpg@0.0.1 watch:test: `npm run test -- --auto-watch --no-single-run`
14 verbose stack Exit status 1
14 verbose stack     at EventEmitter.<anonymous> (/usr/local/lib/node_modules/npm/lib/utils/lifecycle.js:255:16)
14 verbose stack     at emitTwo (events.js:106:13)
14 verbose stack     at EventEmitter.emit (events.js:191:7)
14 verbose stack     at ChildProcess.<anonymous> (/usr/local/lib/node_modules/npm/lib/utils/spawn.js:40:14)
14 verbose stack     at emitTwo (events.js:106:13)
14 verbose stack     at ChildProcess.emit (events.js:191:7)
14 verbose stack     at maybeClose (internal/child_process.js:877:16)
14 verbose stack     at Process.ChildProcess._handle.onexit (internal/child_process.js:226:5)
15 verbose pkgid angular-rpg@0.0.1
16 verbose cwd /Users/justindujardin/Source/angular-rpg/dist
17 error Darwin 16.5.0
18 error argv "/usr/local/bin/node" "/usr/local/bin/npm" "run" "watch:test"
19 error node v6.9.2
20 error npm  v3.10.9
21 error code ELIFECYCLE
22 error angular-rpg@0.0.1 watch:test: `npm run test -- --auto-watch --no-single-run`
22 error Exit status 1
23 error Failed at the angular-rpg@0.0.1 watch:test script 'npm run test -- --auto-watch --no-single-run'.
23 error Make sure you have the latest version of node.js and npm installed.
23 error If you do, this is most likely a problem with the angular-rpg package,
23 error not with npm itself.
23 error Tell the author that this fails on your system:
23 error     npm run test -- --auto-watch --no-single-run
23 error You can get information on how to open an issue for this project with:
23 error     npm bugs angular-rpg
23 error Or if that isn't available, you can get their info via:
23 error     npm owner ls angular-rpg
23 error There is likely additional logging output above.
24 verbose exit [ 1, true ]
